<?xml version="1.0" encoding="UTF-8"?>
<testsuite name="Test Suite"
           tests="4"
           failures="0"
           errors="0"
           skipped="0"
           time="4.814">
  <properties />
  
  
            <testcase name="verifyThatUserShouldLogInSuccessFullyWithValidCredentials" time="1.289" classname="com.nopcommerce.demo.testsuite.LoginPageTest" />
                <testcase name="userShouldNavigateToLoginPageSuccessfully" time="0.501" classname="com.nopcommerce.demo.testsuite.LoginPageTest" />
                <testcase name="VerifyThatUserShouldLogOutSuccessFully" time="1.962" classname="com.nopcommerce.demo.testsuite.LoginPageTest" />
                <testcase name="verifyTheErrorMessageWithInValidCredentials" time="1.062" classname="com.nopcommerce.demo.testsuite.LoginPageTest" />
      
</testsuite>
